<?xml version="1.0" encoding="UTF-8"?>
<testng-results ignored="0" total="1" passed="1" failed="0" skipped="0">
  <reporter-output>
  </reporter-output>
  <suite started-at="2024-04-22T18:00:03 IST" name="Default suite" finished-at="2024-04-22T18:00:05 IST" duration-ms="1551">
    <groups>
    </groups>
    <test started-at="2024-04-22T18:00:03 IST" name="Default test" finished-at="2024-04-22T18:00:05 IST" duration-ms="1551">
      <class name="org.apis.LibraryAPI">
        <test-method signature="addBookRequest()[pri:0, instance:org.apis.LibraryAPI@58d75e99]" started-at="2024-04-22T18:00:03 IST" name="addBookRequest" finished-at="2024-04-22T18:00:05 IST" duration-ms="1508" status="PASS">
          <reporter-output>
          </reporter-output>
        </test-method> <!-- addBookRequest -->
      </class> <!-- org.apis.LibraryAPI -->
    </test> <!-- Default test -->
  </suite> <!-- Default suite -->
</testng-results>
